<?xml version="1.0" encoding="UTF-8"?>
<!-- Generated by org.testng.reporters.JUnitXMLReporter -->
<testsuite ignored="2" hostname="Paco-PC" failures="1" tests="3" name="First Test" time="0.043" errors="0" timestamp="17 Mar 2021 19:28:25 GMT">
  <testcase classname="com.automation.training.AutomationTests" name="testConcact" time="0.011"/>
  <testcase classname="com.automation.training.AutomationTests" name="testConcat" time="0.003">
    <failure type="java.lang.AssertionError" message="expected [I love  test automation] but found [I love test automation]">
      <![CDATA[java.lang.AssertionError: expected [I love  test automation] but found [I love test automation]
	at com.automation.training.AutomationTests.testConcat(AutomationTests.java:73)
... Removed 31 stack frames]]>
    </failure>
  </testcase> <!-- testConcat -->
  <testcase classname="com.automation.training.AutomationTests" name="testCount2" time="0.001"/>
  <testcase classname="com.automation.training.AutomationTests" name="testConcact2" time="0.0">
    <ignored/>
  </testcase> <!-- testConcact2 -->
  <testcase classname="com.automation.training.AutomationTests" name="testCount" time="0.0">
    <ignored/>
  </testcase> <!-- testCount -->
</testsuite> <!-- First Test -->
